<?xml version="1.0" encoding="UTF-8"?>
<!-- Generated by org.testng.reporters.JUnitReportReporter -->
<testsuite skipped="0" hostname="Hp" name="Addlibbook" tests="3" failures="0" timestamp="2020-12-14T02:51:30 IST" time="10.285" errors="0">
  <testcase name="addbook" time="0.386" classname="Addlibbook"/>
  <system-out/>
  <testcase name="addbook" time="0.362" classname="Addlibbook"/>
  <system-out/>
  <testcase name="addbook" time="9.537" classname="Addlibbook"/>
  <system-out/>
</testsuite> <!-- Addlibbook -->
